This file contains any messages produced by compilers while
running configure, to aid debugging if configure makes a mistake.

It was created by configure, which was
generated by GNU Autoconf 2.68.  Invocation command line was

  $ ../../../../newlib-2.2.0-1/libgloss/libnosys/configure --disable-option-checking --prefix=/usr --with-newlib --enable-multilib --with-cross-host=x86_64-unknown-linux-gnu --program-transform-name=s&^&i386-lotus-& --with-target-subdir=i386-lotus --build=x86_64-unknown-linux-gnu --host=i386-lotus --target=i386-lotus build_alias=x86_64-unknown-linux-gnu host_alias=i386-lotus target_alias=i386-lotus --cache-file=.././config.cache --srcdir=../../../../newlib-2.2.0-1/libgloss/libnosys

## --------- ##
## Platform. ##
## --------- ##

hostname = elara
uname -m = x86_64
uname -r = 4.4.0-22-generic
uname -s = Linux
uname -v = #40-Ubuntu SMP Thu May 12 22:03:46 UTC 2016

/usr/bin/uname -p = unknown
/bin/uname -X     = unknown

/bin/arch              = unknown
/usr/bin/arch -k       = unknown
/usr/convex/getsysinfo = unknown
/usr/bin/hostinfo      = unknown
/bin/machine           = unknown
/usr/bin/oslevel       = unknown
/bin/universe          = unknown

PATH: /usr/local/sbin
PATH: /usr/local/bin
PATH: /usr/sbin
PATH: /usr/bin
PATH: /sbin
PATH: /bin
PATH: /usr/games
PATH: /usr/local/games
PATH: /snap/bin
PATH: /home/neggie/opt/cross/bin
PATH: /home/neggie/opt/bochs/bin
PATH: /home/neggie/opt/autoconf/bin


## ----------- ##
## Core tests. ##
## ----------- ##

configure:1662: loading cache .././config.cache
configure:1793: checking build system type
configure:1807: result: x86_64-unknown-linux-gnu
configure:1827: checking host system type
configure:1840: result: i386-pc-lotus
configure:1860: checking target system type
configure:1873: result: i386-pc-lotus
configure:1925: checking for a BSD-compatible install
configure:1993: result: /usr/bin/install -c
configure:2146: checking for symbol prefix
configure:2156: i386-lotus-cc -B/home/neggie/osdev/cross/build-newlib/i386-lotus/newlib/ -isystem /home/neggie/osdev/cross/build-newlib/i386-lotus/newlib/targ-include -isystem /home/neggie/osdev/cross/newlib-2.2.0-1/newlib/libc/include -B/home/neggie/osdev/cross/build-newlib/i386-lotus/libgloss/i386 -L/home/neggie/osdev/cross/build-newlib/i386-lotus/libgloss/libnosys -L/home/neggie/osdev/cross/newlib-2.2.0-1/libgloss/i386    -S conftest.c -o - | fgrep $foo > /dev/null
configure:2159: $? = 1
configure:2165: i386-lotus-cc -B/home/neggie/osdev/cross/build-newlib/i386-lotus/newlib/ -isystem /home/neggie/osdev/cross/build-newlib/i386-lotus/newlib/targ-include -isystem /home/neggie/osdev/cross/newlib-2.2.0-1/newlib/libc/include -B/home/neggie/osdev/cross/build-newlib/i386-lotus/libgloss/i386 -L/home/neggie/osdev/cross/build-newlib/i386-lotus/libgloss/libnosys -L/home/neggie/osdev/cross/newlib-2.2.0-1/libgloss/i386    -S conftest.c -o - | fgrep _foo > /dev/null
configure:2168: $? = 1
configure:2176: result: none
configure:2209: checking for style of include used by make
configure:2237: result: GNU
configure:2264: checking for gcc
configure:2291: result: i386-lotus-cc -B/home/neggie/osdev/cross/build-newlib/i386-lotus/newlib/ -isystem /home/neggie/osdev/cross/build-newlib/i386-lotus/newlib/targ-include -isystem /home/neggie/osdev/cross/newlib-2.2.0-1/newlib/libc/include -B/home/neggie/osdev/cross/build-newlib/i386-lotus/libgloss/i386 -L/home/neggie/osdev/cross/build-newlib/i386-lotus/libgloss/libnosys -L/home/neggie/osdev/cross/newlib-2.2.0-1/libgloss/i386   
configure:2302: checking dependency style of i386-lotus-cc -B/home/neggie/osdev/cross/build-newlib/i386-lotus/newlib/ -isystem /home/neggie/osdev/cross/build-newlib/i386-lotus/newlib/targ-include -isystem /home/neggie/osdev/cross/newlib-2.2.0-1/newlib/libc/include -B/home/neggie/osdev/cross/build-newlib/i386-lotus/libgloss/i386 -L/home/neggie/osdev/cross/build-newlib/i386-lotus/libgloss/libnosys -L/home/neggie/osdev/cross/newlib-2.2.0-1/libgloss/i386   
configure:2392: result: gcc3
configure:2467: checking whether we are using GNU C
configure:2488: result: yes
configure:2498: checking whether i386-lotus-cc -B/home/neggie/osdev/cross/build-newlib/i386-lotus/newlib/ -isystem /home/neggie/osdev/cross/build-newlib/i386-lotus/newlib/targ-include -isystem /home/neggie/osdev/cross/newlib-2.2.0-1/newlib/libc/include -B/home/neggie/osdev/cross/build-newlib/i386-lotus/libgloss/i386 -L/home/neggie/osdev/cross/build-newlib/i386-lotus/libgloss/libnosys -L/home/neggie/osdev/cross/newlib-2.2.0-1/libgloss/i386    accepts -g
configure:2559: result: no
configure:2597: checking for i386-lotus-ranlib
configure:2624: result: i386-lotus-ranlib
configure:2767: updating cache .././config.cache
configure:2824: creating ./config.status

## ---------------------- ##
## Running config.status. ##
## ---------------------- ##

This file was extended by config.status, which was
generated by GNU Autoconf 2.68.  Invocation command line was

  CONFIG_FILES    = 
  CONFIG_HEADERS  = 
  CONFIG_LINKS    = 
  CONFIG_COMMANDS = 
  $ ./config.status 

on elara

config.status:874: creating Makefile
config.status:874: creating config.h
config.status:1053: executing depfiles commands

## ---------------- ##
## Cache variables. ##
## ---------------- ##

ac_cv_build=x86_64-unknown-linux-gnu
ac_cv_c_compiler_gnu=yes
ac_cv_env_CCASFLAGS_set=
ac_cv_env_CCASFLAGS_value=
ac_cv_env_CCAS_set=
ac_cv_env_CCAS_value=
ac_cv_env_build_alias_set=set
ac_cv_env_build_alias_value=x86_64-unknown-linux-gnu
ac_cv_env_host_alias_set=set
ac_cv_env_host_alias_value=i386-lotus
ac_cv_env_target_alias_set=set
ac_cv_env_target_alias_value=i386-lotus
ac_cv_host=i386-pc-lotus
ac_cv_prog_AR=i386-lotus-ar
ac_cv_prog_AWK=mawk
ac_cv_prog_CC='i386-lotus-cc -B/home/neggie/osdev/cross/build-newlib/i386-lotus/newlib/ -isystem /home/neggie/osdev/cross/build-newlib/i386-lotus/newlib/targ-include -isystem /home/neggie/osdev/cross/newlib-2.2.0-1/newlib/libc/include -B/home/neggie/osdev/cross/build-newlib/i386-lotus/libgloss/i386 -L/home/neggie/osdev/cross/build-newlib/i386-lotus/libgloss/libnosys -L/home/neggie/osdev/cross/newlib-2.2.0-1/libgloss/i386   '
ac_cv_prog_RANLIB=i386-lotus-ranlib
ac_cv_prog_STRIP=i386-lotus-strip
ac_cv_prog_cc_g=no
ac_cv_prog_make_make_set=yes
ac_cv_target=i386-pc-lotus
am_cv_CC_dependencies_compiler_type=gcc3
libc_cv_symbol_prefix=none

## ----------------- ##
## Output variables. ##
## ----------------- ##

AMDEPBACKSLASH='\'
AMDEP_FALSE='#'
AMDEP_TRUE=''
AR='i386-lotus-ar'
AS='i386-lotus-as'
CC='i386-lotus-cc -B/home/neggie/osdev/cross/build-newlib/i386-lotus/newlib/ -isystem /home/neggie/osdev/cross/build-newlib/i386-lotus/newlib/targ-include -isystem /home/neggie/osdev/cross/newlib-2.2.0-1/newlib/libc/include -B/home/neggie/osdev/cross/build-newlib/i386-lotus/libgloss/i386 -L/home/neggie/osdev/cross/build-newlib/i386-lotus/libgloss/libnosys -L/home/neggie/osdev/cross/newlib-2.2.0-1/libgloss/i386   '
CCAS='i386-lotus-cc -B/home/neggie/osdev/cross/build-newlib/i386-lotus/newlib/ -isystem /home/neggie/osdev/cross/build-newlib/i386-lotus/newlib/targ-include -isystem /home/neggie/osdev/cross/newlib-2.2.0-1/newlib/libc/include -B/home/neggie/osdev/cross/build-newlib/i386-lotus/libgloss/i386 -L/home/neggie/osdev/cross/build-newlib/i386-lotus/libgloss/libnosys -L/home/neggie/osdev/cross/newlib-2.2.0-1/libgloss/i386   '
CCASFLAGS=''
CCDEPMODE='depmode=gcc3'
DEFS='-DHAVE_CONFIG_H'
DEPDIR='.deps'
ECHO_C=''
ECHO_N='-n'
ECHO_T=''
INSTALL_DATA='/usr/bin/install -c -m 644'
INSTALL_PROGRAM='/usr/bin/install -c'
INSTALL_SCRIPT='/usr/bin/install -c'
LD='i386-lotus-ld'
LIBOBJS=''
LIBS=''
LTLIBOBJS=''
PACKAGE_BUGREPORT=''
PACKAGE_NAME=''
PACKAGE_STRING=''
PACKAGE_TARNAME=''
PACKAGE_URL=''
PACKAGE_VERSION=''
PATH_SEPARATOR=':'
RANLIB='i386-lotus-ranlib'
SHELL='/bin/bash'
am__fastdepCC_FALSE='#'
am__fastdepCC_TRUE=''
am__include='include'
am__leading_dot='.'
am__quote=''
bindir='${exec_prefix}/bin'
build='x86_64-unknown-linux-gnu'
build_alias='x86_64-unknown-linux-gnu'
build_cpu='x86_64'
build_os='linux-gnu'
build_vendor='unknown'
datadir='${datarootdir}'
datarootdir='${prefix}/share'
docdir='${datarootdir}/doc/${PACKAGE}'
dvidir='${docdir}'
exec_prefix='${prefix}'
host='i386-pc-lotus'
host_alias='i386-lotus'
host_cpu='i386'
host_makefile_frag_path='../../../../newlib-2.2.0-1/libgloss/libnosys/../config/default.mh'
host_os='lotus'
host_vendor='pc'
htmldir='${docdir}'
includedir='${prefix}/include'
infodir='${datarootdir}/info'
libdir='${exec_prefix}/lib'
libexecdir='${exec_prefix}/libexec'
localedir='${datarootdir}/locale'
localstatedir='${prefix}/var'
mandir='${datarootdir}/man'
oldincludedir='/usr/include'
pdfdir='${docdir}'
prefix='/usr'
program_transform_name='s&^&i386-lotus-&'
psdir='${docdir}'
sbindir='${exec_prefix}/sbin'
sharedstatedir='${prefix}/com'
sysconfdir='${prefix}/etc'
target='i386-pc-lotus'
target_alias='i386-lotus'
target_cpu='i386'
target_os='lotus'
target_vendor='pc'

## ------------------- ##
## File substitutions. ##
## ------------------- ##

host_makefile_frag='../../../../newlib-2.2.0-1/libgloss/libnosys/../config/default.mh'

## ----------- ##
## confdefs.h. ##
## ----------- ##

/* confdefs.h */
#define PACKAGE_NAME ""
#define PACKAGE_TARNAME ""
#define PACKAGE_VERSION ""
#define PACKAGE_STRING ""
#define PACKAGE_BUGREPORT ""
#define PACKAGE_URL ""
#define HAVE_GNU_LD 1
#define MISSING_SYSCALL_NAMES 1
#define __SYMBOL_PREFIX ""

configure: exit 0
