This file contains any messages produced by compilers while
running configure, to aid debugging if configure makes a mistake.

It was created by newlib configure 2.2.0, which was
generated by GNU Autoconf 2.64.  Invocation command line was

  $ ../../../../../newlib-2.2.0-1/newlib/libc/sys/configure --disable-option-checking --prefix=/usr --with-newlib --enable-multilib --with-cross-host=x86_64-unknown-linux-gnu --program-transform-name=s&^&i386-lotus-& --with-target-subdir=i386-lotus --build=x86_64-unknown-linux-gnu --host=i386-lotus --target=i386-lotus build_alias=x86_64-unknown-linux-gnu host_alias=i386-lotus target_alias=i386-lotus CC=i386-lotus-cc -B/home/neggie/osdev/cross/build-newlib/i386-lotus/newlib/ -isystem /home/neggie/osdev/cross/build-newlib/i386-lotus/newlib/targ-include -isystem /home/neggie/osdev/cross/newlib-2.2.0-1/newlib/libc/include -B/home/neggie/osdev/cross/build-newlib/i386-lotus/libgloss/i386 -L/home/neggie/osdev/cross/build-newlib/i386-lotus/libgloss/libnosys -L/home/neggie/osdev/cross/newlib-2.2.0-1/libgloss/i386    CFLAGS=-g -O2 LDFLAGS= CPPFLAGS= --cache-file=../.././config.cache --srcdir=../../../../../newlib-2.2.0-1/newlib/libc/sys

## --------- ##
## Platform. ##
## --------- ##

hostname = elara
uname -m = x86_64
uname -r = 4.4.0-22-generic
uname -s = Linux
uname -v = #40-Ubuntu SMP Thu May 12 22:03:46 UTC 2016

/usr/bin/uname -p = unknown
/bin/uname -X     = unknown

/bin/arch              = unknown
/usr/bin/arch -k       = unknown
/usr/convex/getsysinfo = unknown
/usr/bin/hostinfo      = unknown
/bin/machine           = unknown
/usr/bin/oslevel       = unknown
/bin/universe          = unknown

PATH: /usr/local/sbin
PATH: /usr/local/bin
PATH: /usr/sbin
PATH: /usr/bin
PATH: /sbin
PATH: /bin
PATH: /usr/games
PATH: /usr/local/games
PATH: /snap/bin
PATH: /home/neggie/opt/cross/bin
PATH: /home/neggie/opt/bochs/bin
PATH: /home/neggie/opt/autoconf/bin


## ----------- ##
## Core tests. ##
## ----------- ##

configure:2069: loading cache ../.././config.cache
configure:2181: checking build system type
configure:2195: result: x86_64-unknown-linux-gnu
configure:2215: checking host system type
configure:2228: result: i386-pc-lotus
configure:2264: checking for a BSD-compatible install
configure:2332: result: /usr/bin/install -c
configure:2343: checking whether build environment is sane
configure:2393: result: yes
configure:2442: checking for i386-lotus-strip
configure:2469: result: i386-lotus-strip
configure:2534: checking for a thread-safe mkdir -p
configure:2573: result: /bin/mkdir -p
configure:2586: checking for gawk
configure:2613: result: mawk
configure:2624: checking whether make sets $(MAKE)
configure:2646: result: yes
configure:2676: checking for style of include used by make
configure:2704: result: GNU
configure:2914: checking for gcc
configure:2941: result: i386-lotus-cc -B/home/neggie/osdev/cross/build-newlib/i386-lotus/newlib/ -isystem /home/neggie/osdev/cross/build-newlib/i386-lotus/newlib/targ-include -isystem /home/neggie/osdev/cross/newlib-2.2.0-1/newlib/libc/include -B/home/neggie/osdev/cross/build-newlib/i386-lotus/libgloss/i386 -L/home/neggie/osdev/cross/build-newlib/i386-lotus/libgloss/libnosys -L/home/neggie/osdev/cross/newlib-2.2.0-1/libgloss/i386   
configure:2952: checking dependency style of i386-lotus-cc -B/home/neggie/osdev/cross/build-newlib/i386-lotus/newlib/ -isystem /home/neggie/osdev/cross/build-newlib/i386-lotus/newlib/targ-include -isystem /home/neggie/osdev/cross/newlib-2.2.0-1/newlib/libc/include -B/home/neggie/osdev/cross/build-newlib/i386-lotus/libgloss/i386 -L/home/neggie/osdev/cross/build-newlib/i386-lotus/libgloss/libnosys -L/home/neggie/osdev/cross/newlib-2.2.0-1/libgloss/i386   
configure:3063: result: gcc3
configure:3136: checking whether we are using GNU C
configure:3157: result: yes
configure:3166: checking whether i386-lotus-cc -B/home/neggie/osdev/cross/build-newlib/i386-lotus/newlib/ -isystem /home/neggie/osdev/cross/build-newlib/i386-lotus/newlib/targ-include -isystem /home/neggie/osdev/cross/newlib-2.2.0-1/newlib/libc/include -B/home/neggie/osdev/cross/build-newlib/i386-lotus/libgloss/i386 -L/home/neggie/osdev/cross/build-newlib/i386-lotus/libgloss/libnosys -L/home/neggie/osdev/cross/newlib-2.2.0-1/libgloss/i386    accepts -g
configure:3227: result: no
configure:3260: checking for i386-lotus-as
configure:3287: result: i386-lotus-as
configure:3352: checking for i386-lotus-ar
configure:3379: result: i386-lotus-ar
configure:3444: checking for i386-lotus-ranlib
configure:3471: result: i386-lotus-ranlib
configure:3536: checking for i386-lotus-readelf
configure:3563: result: i386-lotus-readelf
configure:3632: checking whether to enable maintainer-specific portions of Makefiles
configure:3641: result: no
configure:3751: checking for a sed that does not truncate output
configure:3815: result: /bin/sed
configure:3837: checking how to print strings
configure:3864: result: printf
configure:12036: creating ./config.status

## ---------------------- ##
## Running config.status. ##
## ---------------------- ##

This file was extended by newlib config.status 2.2.0, which was
generated by GNU Autoconf 2.64.  Invocation command line was

  CONFIG_FILES    = 
  CONFIG_HEADERS  = 
  CONFIG_LINKS    = 
  CONFIG_COMMANDS = 
  $ ./config.status 

on elara

config.status:1021: creating Makefile
config.status:1177: executing depfiles commands
configure:14133: === configuring in lotus (/home/neggie/osdev/cross/build-newlib/i386-lotus/newlib/libc/sys/lotus)
configure:14196: running /bin/bash ../../../../../../newlib-2.2.0-1/newlib/libc/sys/lotus/configure --disable-option-checking '--prefix=/usr'  '--with-newlib' '--enable-multilib' '--with-cross-host=x86_64-unknown-linux-gnu' '--program-transform-name=s&^&i386-lotus-&' '--with-target-subdir=i386-lotus' '--build=x86_64-unknown-linux-gnu' '--host=i386-lotus' '--target=i386-lotus' 'build_alias=x86_64-unknown-linux-gnu' 'host_alias=i386-lotus' 'target_alias=i386-lotus' 'CC=i386-lotus-cc -B/home/neggie/osdev/cross/build-newlib/i386-lotus/newlib/ -isystem /home/neggie/osdev/cross/build-newlib/i386-lotus/newlib/targ-include -isystem /home/neggie/osdev/cross/newlib-2.2.0-1/newlib/libc/include -B/home/neggie/osdev/cross/build-newlib/i386-lotus/libgloss/i386 -L/home/neggie/osdev/cross/build-newlib/i386-lotus/libgloss/libnosys -L/home/neggie/osdev/cross/newlib-2.2.0-1/libgloss/i386   ' 'CFLAGS=-g -O2' 'LDFLAGS=' 'CPPFLAGS=' --cache-file=../../.././config.cache --srcdir=../../../../../../newlib-2.2.0-1/newlib/libc/sys/lotus

## ---------------- ##
## Cache variables. ##
## ---------------- ##

ac_cv_build=x86_64-unknown-linux-gnu
ac_cv_c_compiler_gnu=yes
ac_cv_env_CCASFLAGS_set=
ac_cv_env_CCASFLAGS_value=
ac_cv_env_CCAS_set=
ac_cv_env_CCAS_value=
ac_cv_env_CC_set=set
ac_cv_env_CC_value='i386-lotus-cc -B/home/neggie/osdev/cross/build-newlib/i386-lotus/newlib/ -isystem /home/neggie/osdev/cross/build-newlib/i386-lotus/newlib/targ-include -isystem /home/neggie/osdev/cross/newlib-2.2.0-1/newlib/libc/include -B/home/neggie/osdev/cross/build-newlib/i386-lotus/libgloss/i386 -L/home/neggie/osdev/cross/build-newlib/i386-lotus/libgloss/libnosys -L/home/neggie/osdev/cross/newlib-2.2.0-1/libgloss/i386   '
ac_cv_env_CFLAGS_set=set
ac_cv_env_CFLAGS_value='-g -O2'
ac_cv_env_CPPFLAGS_set=set
ac_cv_env_CPPFLAGS_value=
ac_cv_env_CPP_set=
ac_cv_env_CPP_value=
ac_cv_env_LDFLAGS_set=set
ac_cv_env_LDFLAGS_value=
ac_cv_env_LIBS_set=
ac_cv_env_LIBS_value=
ac_cv_env_build_alias_set=set
ac_cv_env_build_alias_value=x86_64-unknown-linux-gnu
ac_cv_env_host_alias_set=set
ac_cv_env_host_alias_value=i386-lotus
ac_cv_env_target_alias_set=set
ac_cv_env_target_alias_value=i386-lotus
ac_cv_host=i386-pc-lotus
ac_cv_path_SED=/bin/sed
ac_cv_path_mkdir=/bin/mkdir
ac_cv_prog_AR=i386-lotus-ar
ac_cv_prog_AS=i386-lotus-as
ac_cv_prog_AWK=mawk
ac_cv_prog_CC='i386-lotus-cc -B/home/neggie/osdev/cross/build-newlib/i386-lotus/newlib/ -isystem /home/neggie/osdev/cross/build-newlib/i386-lotus/newlib/targ-include -isystem /home/neggie/osdev/cross/newlib-2.2.0-1/newlib/libc/include -B/home/neggie/osdev/cross/build-newlib/i386-lotus/libgloss/i386 -L/home/neggie/osdev/cross/build-newlib/i386-lotus/libgloss/libnosys -L/home/neggie/osdev/cross/newlib-2.2.0-1/libgloss/i386   '
ac_cv_prog_RANLIB=i386-lotus-ranlib
ac_cv_prog_READELF=i386-lotus-readelf
ac_cv_prog_STRIP=i386-lotus-strip
ac_cv_prog_cc_g=no
ac_cv_prog_make_make_set=yes
acnewlib_cv_type_long_double=yes
am_cv_CC_dependencies_compiler_type=gcc3
libc_cv_cc_loop_to_function=yes
libc_cv_initfinit_array=no
newlib_cv_ldbl_eq_dbl=no
newlib_cv_uintptr_eq_ulong=yes
newlib_cv_uintptr_eq_ulonglong=no

## ----------------- ##
## Output variables. ##
## ----------------- ##

ACLOCAL='${SHELL} /home/neggie/osdev/cross/newlib-2.2.0-1/missing --run aclocal-1.11'
AMDEPBACKSLASH='\'
AMDEP_FALSE='#'
AMDEP_TRUE=''
AMTAR='$${TAR-tar}'
AR='i386-lotus-ar'
AS='i386-lotus-as'
AUTOCONF='${SHELL} /home/neggie/osdev/cross/newlib-2.2.0-1/missing --run autoconf'
AUTOHEADER='${SHELL} /home/neggie/osdev/cross/newlib-2.2.0-1/missing --run autoheader'
AUTOMAKE='${SHELL} /home/neggie/osdev/cross/newlib-2.2.0-1/missing --run automake-1.11'
AWK='mawk'
CC='i386-lotus-cc -B/home/neggie/osdev/cross/build-newlib/i386-lotus/newlib/ -isystem /home/neggie/osdev/cross/build-newlib/i386-lotus/newlib/targ-include -isystem /home/neggie/osdev/cross/newlib-2.2.0-1/newlib/libc/include -B/home/neggie/osdev/cross/build-newlib/i386-lotus/libgloss/i386 -L/home/neggie/osdev/cross/build-newlib/i386-lotus/libgloss/libnosys -L/home/neggie/osdev/cross/newlib-2.2.0-1/libgloss/i386   '
CCAS='i386-lotus-cc -B/home/neggie/osdev/cross/build-newlib/i386-lotus/newlib/ -isystem /home/neggie/osdev/cross/build-newlib/i386-lotus/newlib/targ-include -isystem /home/neggie/osdev/cross/newlib-2.2.0-1/newlib/libc/include -B/home/neggie/osdev/cross/build-newlib/i386-lotus/libgloss/i386 -L/home/neggie/osdev/cross/build-newlib/i386-lotus/libgloss/libnosys -L/home/neggie/osdev/cross/newlib-2.2.0-1/libgloss/i386   '
CCASFLAGS='-g -O2'
CCDEPMODE='depmode=gcc3'
CFLAGS='-g -O2'
CPP=''
CPPFLAGS=''
CRT0='crt0.o'
CYGPATH_W='echo'
DEFS='-DPACKAGE_NAME=\"newlib\" -DPACKAGE_TARNAME=\"newlib\" -DPACKAGE_VERSION=\"2.2.0\" -DPACKAGE_STRING=\"newlib\ 2.2.0\" -DPACKAGE_BUGREPORT=\"\" -DPACKAGE_URL=\"\"'
DEPDIR='.deps'
DLLTOOL='i386-lotus-dlltool'
DSYMUTIL=''
DUMPBIN=''
ECHO_C=''
ECHO_N='-n'
ECHO_T=''
EGREP=''
ELIX_LEVEL_0_FALSE='#'
ELIX_LEVEL_0_TRUE=''
ELIX_LEVEL_1_FALSE=''
ELIX_LEVEL_1_TRUE='#'
ELIX_LEVEL_2_FALSE=''
ELIX_LEVEL_2_TRUE='#'
ELIX_LEVEL_3_FALSE=''
ELIX_LEVEL_3_TRUE='#'
ELIX_LEVEL_4_FALSE=''
ELIX_LEVEL_4_TRUE='#'
EXEEXT=''
FGREP=''
GREP=''
HAVE_SYS_DIR_FALSE='#'
HAVE_SYS_DIR_TRUE=''
INSTALL_DATA='/usr/bin/install -c -m 644'
INSTALL_PROGRAM='/usr/bin/install -c'
INSTALL_SCRIPT='/usr/bin/install -c'
INSTALL_STRIP_PROGRAM='$(install_sh) -c -s'
LD='i386-lotus-ld'
LDFLAGS=''
LIBOBJS=''
LIBS=''
LIBTOOL=''
LIPO='i386-lotus-lipo'
LN_S=''
LTLIBOBJS=''
MAINT='#'
MAINTAINER_MODE_FALSE=''
MAINTAINER_MODE_TRUE='#'
MAKEINFO='makeinfo --split-size=5000000'
MAY_SUPPLY_SYSCALLS_FALSE='#'
MAY_SUPPLY_SYSCALLS_TRUE=''
MKDIR_P='/bin/mkdir -p'
NEWLIB_CFLAGS=' -DMISSING_SYSCALL_NAMES -fno-builtin'
NM='i386-lotus-nm'
NMEDIT=''
NO_INCLUDE_LIST=' rpc/types.h rpc/xdr.h'
OBJDUMP='i386-lotus-objdump'
OBJEXT='o'
OTOOL64=''
OTOOL=''
PACKAGE='newlib'
PACKAGE_BUGREPORT=''
PACKAGE_NAME='newlib'
PACKAGE_STRING='newlib 2.2.0'
PACKAGE_TARNAME='newlib'
PACKAGE_URL=''
PACKAGE_VERSION='2.2.0'
PATH_SEPARATOR=':'
RANLIB='i386-lotus-ranlib'
READELF='i386-lotus-readelf'
SED='/bin/sed'
SET_MAKE=''
SHELL='/bin/bash'
STRIP='i386-lotus-strip'
USE_LIBTOOL_FALSE=''
USE_LIBTOOL_TRUE='#'
VERSION='2.2.0'
ac_ct_CC=''
ac_ct_DUMPBIN=''
aext='a'
am__EXEEXT_FALSE=''
am__EXEEXT_TRUE='#'
am__fastdepCC_FALSE='#'
am__fastdepCC_TRUE=''
am__include='include'
am__isrc=' -I$(srcdir)'
am__leading_dot='.'
am__nodep='_no'
am__quote=''
am__tar='$${TAR-tar} chof - "$$tardir"'
am__untar='$${TAR-tar} xf -'
bindir='${exec_prefix}/bin'
build='x86_64-unknown-linux-gnu'
build_alias='x86_64-unknown-linux-gnu'
build_cpu='x86_64'
build_os='linux-gnu'
build_vendor='unknown'
datadir='${datarootdir}'
datarootdir='${prefix}/share'
docdir='${datarootdir}/doc/${PACKAGE_TARNAME}'
dvidir='${docdir}'
exec_prefix='${prefix}'
host='i386-pc-lotus'
host_alias='i386-lotus'
host_cpu='i386'
host_os='lotus'
host_vendor='pc'
htmldir='${docdir}'
includedir='${prefix}/include'
infodir='${datarootdir}/info'
install_sh='${SHELL} /home/neggie/osdev/cross/newlib-2.2.0-1/install-sh'
libdir='${exec_prefix}/lib'
libexecdir='${exec_prefix}/libexec'
libm_machine_dir='i386'
localedir='${datarootdir}/locale'
localstatedir='${prefix}/var'
lpfx='lib_a-'
machine_dir='i386'
mandir='${datarootdir}/man'
mkdir_p='/bin/mkdir -p'
newlib_basedir='../../../../../newlib-2.2.0-1/newlib/libc/sys/../..'
oext='o'
oldincludedir='/usr/include'
pdfdir='${docdir}'
prefix='/usr'
program_transform_name='s&^&i386-lotus-&'
psdir='${docdir}'
sbindir='${exec_prefix}/sbin'
sharedstatedir='${prefix}/com'
subdirs=' lotus'
sys_dir='lotus'
sysconfdir='${prefix}/etc'
target_alias='i386-lotus'

## ----------- ##
## confdefs.h. ##
## ----------- ##

/* confdefs.h */
#define PACKAGE_NAME "newlib"
#define PACKAGE_TARNAME "newlib"
#define PACKAGE_VERSION "2.2.0"
#define PACKAGE_STRING "newlib 2.2.0"
#define PACKAGE_BUGREPORT ""
#define PACKAGE_URL ""

configure: exit 0
