This file contains any messages produced by compilers while
running configure, to aid debugging if configure makes a mistake.

It was created by libgloss configure LIBGLOSS_VERSION, which was
generated by GNU Autoconf 2.68.  Invocation command line was

  $ /home/neggie/osdev/cross/newlib-2.2.0-1/libgloss/configure --cache-file=./config.cache --with-newlib --enable-multilib --with-cross-host=x86_64-unknown-linux-gnu --prefix=/usr --program-transform-name=s&^&i386-lotus-& --disable-option-checking --with-target-subdir=i386-lotus --build=x86_64-unknown-linux-gnu --host=i386-lotus --target=i386-lotus --srcdir=../../../newlib-2.2.0-1/libgloss

## --------- ##
## Platform. ##
## --------- ##

hostname = elara
uname -m = x86_64
uname -r = 4.4.0-22-generic
uname -s = Linux
uname -v = #40-Ubuntu SMP Thu May 12 22:03:46 UTC 2016

/usr/bin/uname -p = unknown
/bin/uname -X     = unknown

/bin/arch              = unknown
/usr/bin/arch -k       = unknown
/usr/convex/getsysinfo = unknown
/usr/bin/hostinfo      = unknown
/bin/machine           = unknown
/usr/bin/oslevel       = unknown
/bin/universe          = unknown

PATH: /usr/local/sbin
PATH: /usr/local/bin
PATH: /usr/sbin
PATH: /usr/bin
PATH: /sbin
PATH: /bin
PATH: /usr/games
PATH: /usr/local/games
PATH: /snap/bin
PATH: /home/neggie/opt/cross/bin
PATH: /home/neggie/opt/bochs/bin
PATH: /home/neggie/opt/autoconf/bin


## ----------- ##
## Core tests. ##
## ----------- ##

configure:1733: creating cache ./config.cache
configure:1865: checking for a BSD-compatible install
configure:1933: result: /usr/bin/install -c
configure:1949: checking build system type
configure:1963: result: x86_64-unknown-linux-gnu
configure:1983: checking host system type
configure:1996: result: i386-pc-lotus
configure:2016: checking target system type
configure:2029: result: i386-pc-lotus
configure:2057: checking whether build environment is sane
configure:2094: result: yes
configure:2156: checking for gawk
configure:2183: result: mawk
configure:2194: checking whether make sets $(MAKE)
configure:2216: result: yes
configure:2281: checking for i386-lotus-strip
configure:2308: result: i386-lotus-strip
configure:2587: checking for style of include used by make
configure:2615: result: GNU
configure:2642: checking for gcc
configure:2669: result: i386-lotus-cc -B/home/neggie/osdev/cross/build-newlib/i386-lotus/newlib/ -isystem /home/neggie/osdev/cross/build-newlib/i386-lotus/newlib/targ-include -isystem /home/neggie/osdev/cross/newlib-2.2.0-1/newlib/libc/include -B/home/neggie/osdev/cross/build-newlib/i386-lotus/libgloss/i386 -L/home/neggie/osdev/cross/build-newlib/i386-lotus/libgloss/libnosys -L/home/neggie/osdev/cross/newlib-2.2.0-1/libgloss/i386   
configure:2680: checking dependency style of i386-lotus-cc -B/home/neggie/osdev/cross/build-newlib/i386-lotus/newlib/ -isystem /home/neggie/osdev/cross/build-newlib/i386-lotus/newlib/targ-include -isystem /home/neggie/osdev/cross/newlib-2.2.0-1/newlib/libc/include -B/home/neggie/osdev/cross/build-newlib/i386-lotus/libgloss/i386 -L/home/neggie/osdev/cross/build-newlib/i386-lotus/libgloss/libnosys -L/home/neggie/osdev/cross/newlib-2.2.0-1/libgloss/i386   
configure:2770: result: gcc3
configure:2845: checking whether we are using GNU C
configure:2856: i386-lotus-cc -B/home/neggie/osdev/cross/build-newlib/i386-lotus/newlib/ -isystem /home/neggie/osdev/cross/build-newlib/i386-lotus/newlib/targ-include -isystem /home/neggie/osdev/cross/newlib-2.2.0-1/newlib/libc/include -B/home/neggie/osdev/cross/build-newlib/i386-lotus/libgloss/i386 -L/home/neggie/osdev/cross/build-newlib/i386-lotus/libgloss/libnosys -L/home/neggie/osdev/cross/newlib-2.2.0-1/libgloss/i386    -E conftest.c
configure:2859: $? = 0
configure:2866: result: yes
configure:2876: checking whether i386-lotus-cc -B/home/neggie/osdev/cross/build-newlib/i386-lotus/newlib/ -isystem /home/neggie/osdev/cross/build-newlib/i386-lotus/newlib/targ-include -isystem /home/neggie/osdev/cross/newlib-2.2.0-1/newlib/libc/include -B/home/neggie/osdev/cross/build-newlib/i386-lotus/libgloss/i386 -L/home/neggie/osdev/cross/build-newlib/i386-lotus/libgloss/libnosys -L/home/neggie/osdev/cross/newlib-2.2.0-1/libgloss/i386    accepts -g
configure:2896: i386-lotus-cc -B/home/neggie/osdev/cross/build-newlib/i386-lotus/newlib/ -isystem /home/neggie/osdev/cross/build-newlib/i386-lotus/newlib/targ-include -isystem /home/neggie/osdev/cross/newlib-2.2.0-1/newlib/libc/include -B/home/neggie/osdev/cross/build-newlib/i386-lotus/libgloss/i386 -L/home/neggie/osdev/cross/build-newlib/i386-lotus/libgloss/libnosys -L/home/neggie/osdev/cross/newlib-2.2.0-1/libgloss/i386    -c -g  conftest.c >&5
configure:2896: $? = 0
configure: failed program was:
| /* confdefs.h */
| #define PACKAGE_NAME "libgloss"
| #define PACKAGE_TARNAME "libgloss"
| #define PACKAGE_VERSION "LIBGLOSS_VERSION"
| #define PACKAGE_STRING "libgloss LIBGLOSS_VERSION"
| #define PACKAGE_BUGREPORT ""
| #define PACKAGE_URL ""
| /* end confdefs.h.  */
| 
| int
| main ()
| {
| 
|   ;
|   return 0;
| }
configure:2911: i386-lotus-cc -B/home/neggie/osdev/cross/build-newlib/i386-lotus/newlib/ -isystem /home/neggie/osdev/cross/build-newlib/i386-lotus/newlib/targ-include -isystem /home/neggie/osdev/cross/newlib-2.2.0-1/newlib/libc/include -B/home/neggie/osdev/cross/build-newlib/i386-lotus/libgloss/i386 -L/home/neggie/osdev/cross/build-newlib/i386-lotus/libgloss/libnosys -L/home/neggie/osdev/cross/newlib-2.2.0-1/libgloss/i386    -c   conftest.c >&5
configure:2911: $? = 0
configure: failed program was:
| /* confdefs.h */
| #define PACKAGE_NAME "libgloss"
| #define PACKAGE_TARNAME "libgloss"
| #define PACKAGE_VERSION "LIBGLOSS_VERSION"
| #define PACKAGE_STRING "libgloss LIBGLOSS_VERSION"
| #define PACKAGE_BUGREPORT ""
| #define PACKAGE_URL ""
| /* end confdefs.h.  */
| 
| int
| main ()
| {
| 
|   ;
|   return 0;
| }
configure:2927: i386-lotus-cc -B/home/neggie/osdev/cross/build-newlib/i386-lotus/newlib/ -isystem /home/neggie/osdev/cross/build-newlib/i386-lotus/newlib/targ-include -isystem /home/neggie/osdev/cross/newlib-2.2.0-1/newlib/libc/include -B/home/neggie/osdev/cross/build-newlib/i386-lotus/libgloss/i386 -L/home/neggie/osdev/cross/build-newlib/i386-lotus/libgloss/libnosys -L/home/neggie/osdev/cross/newlib-2.2.0-1/libgloss/i386    -c -g  conftest.c >&5
configure:2927: $? = 0
configure: failed program was:
| /* confdefs.h */
| #define PACKAGE_NAME "libgloss"
| #define PACKAGE_TARNAME "libgloss"
| #define PACKAGE_VERSION "LIBGLOSS_VERSION"
| #define PACKAGE_STRING "libgloss LIBGLOSS_VERSION"
| #define PACKAGE_BUGREPORT ""
| #define PACKAGE_URL ""
| /* end confdefs.h.  */
| 
| int
| main ()
| {
| 
|   ;
|   return 0;
| }
configure:2937: result: no
configure:2970: checking for ar
configure:2998: result: i386-lotus-ar
configure:3013: checking for i386-lotus-ranlib
configure:3040: result: i386-lotus-ranlib
configure:3190: updating cache ./config.cache
configure:3283: creating ./config.status

## ---------------------- ##
## Running config.status. ##
## ---------------------- ##

This file was extended by libgloss config.status LIBGLOSS_VERSION, which was
generated by GNU Autoconf 2.68.  Invocation command line was

  CONFIG_FILES    = 
  CONFIG_HEADERS  = 
  CONFIG_LINKS    = 
  CONFIG_COMMANDS = 
  $ ./config.status 

on elara

config.status:827: creating Makefile
config.status:983: executing depfiles commands
configure:4525: === configuring in doc (/home/neggie/osdev/cross/build-newlib/i386-lotus/libgloss/doc)
configure:4588: running /bin/bash ../../../../newlib-2.2.0-1/libgloss/doc/configure --disable-option-checking '--prefix=/usr'  '--with-newlib' '--enable-multilib' '--with-cross-host=x86_64-unknown-linux-gnu' '--program-transform-name=s&^&i386-lotus-&' '--with-target-subdir=i386-lotus' '--build=x86_64-unknown-linux-gnu' '--host=i386-lotus' '--target=i386-lotus' 'build_alias=x86_64-unknown-linux-gnu' 'host_alias=i386-lotus' 'target_alias=i386-lotus' --cache-file=.././config.cache --srcdir=../../../../newlib-2.2.0-1/libgloss/doc
configure:4525: === configuring in libnosys (/home/neggie/osdev/cross/build-newlib/i386-lotus/libgloss/libnosys)
configure:4588: running /bin/bash ../../../../newlib-2.2.0-1/libgloss/libnosys/configure --disable-option-checking '--prefix=/usr'  '--with-newlib' '--enable-multilib' '--with-cross-host=x86_64-unknown-linux-gnu' '--program-transform-name=s&^&i386-lotus-&' '--with-target-subdir=i386-lotus' '--build=x86_64-unknown-linux-gnu' '--host=i386-lotus' '--target=i386-lotus' 'build_alias=x86_64-unknown-linux-gnu' 'host_alias=i386-lotus' 'target_alias=i386-lotus' --cache-file=.././config.cache --srcdir=../../../../newlib-2.2.0-1/libgloss/libnosys

## ---------------- ##
## Cache variables. ##
## ---------------- ##

ac_cv_build=x86_64-unknown-linux-gnu
ac_cv_c_compiler_gnu=yes
ac_cv_env_CCASFLAGS_set=
ac_cv_env_CCASFLAGS_value=
ac_cv_env_CCAS_set=
ac_cv_env_CCAS_value=
ac_cv_env_build_alias_set=set
ac_cv_env_build_alias_value=x86_64-unknown-linux-gnu
ac_cv_env_host_alias_set=set
ac_cv_env_host_alias_value=i386-lotus
ac_cv_env_target_alias_set=set
ac_cv_env_target_alias_value=i386-lotus
ac_cv_host=i386-pc-lotus
ac_cv_prog_AR=i386-lotus-ar
ac_cv_prog_AWK=mawk
ac_cv_prog_CC='i386-lotus-cc -B/home/neggie/osdev/cross/build-newlib/i386-lotus/newlib/ -isystem /home/neggie/osdev/cross/build-newlib/i386-lotus/newlib/targ-include -isystem /home/neggie/osdev/cross/newlib-2.2.0-1/newlib/libc/include -B/home/neggie/osdev/cross/build-newlib/i386-lotus/libgloss/i386 -L/home/neggie/osdev/cross/build-newlib/i386-lotus/libgloss/libnosys -L/home/neggie/osdev/cross/newlib-2.2.0-1/libgloss/i386   '
ac_cv_prog_RANLIB=i386-lotus-ranlib
ac_cv_prog_STRIP=i386-lotus-strip
ac_cv_prog_cc_g=no
ac_cv_prog_make_make_set=yes
ac_cv_target=i386-pc-lotus
am_cv_CC_dependencies_compiler_type=gcc3

## ----------------- ##
## Output variables. ##
## ----------------- ##

ACLOCAL='${SHELL} /home/neggie/osdev/cross/newlib-2.2.0-1/missing --run aclocal-1.9'
AMDEPBACKSLASH='\'
AMDEP_FALSE='#'
AMDEP_TRUE=''
AMTAR='${SHELL} /home/neggie/osdev/cross/newlib-2.2.0-1/missing --run tar'
AR='i386-lotus-ar'
AS='i386-lotus-as'
AUTOCONF='${SHELL} /home/neggie/osdev/cross/newlib-2.2.0-1/missing --run autoconf'
AUTOHEADER='${SHELL} /home/neggie/osdev/cross/newlib-2.2.0-1/missing --run autoheader'
AUTOMAKE='${SHELL} /home/neggie/osdev/cross/newlib-2.2.0-1/missing --run automake-1.9'
AWK='mawk'
CC='i386-lotus-cc -B/home/neggie/osdev/cross/build-newlib/i386-lotus/newlib/ -isystem /home/neggie/osdev/cross/build-newlib/i386-lotus/newlib/targ-include -isystem /home/neggie/osdev/cross/newlib-2.2.0-1/newlib/libc/include -B/home/neggie/osdev/cross/build-newlib/i386-lotus/libgloss/i386 -L/home/neggie/osdev/cross/build-newlib/i386-lotus/libgloss/libnosys -L/home/neggie/osdev/cross/newlib-2.2.0-1/libgloss/i386   '
CCAS='i386-lotus-cc -B/home/neggie/osdev/cross/build-newlib/i386-lotus/newlib/ -isystem /home/neggie/osdev/cross/build-newlib/i386-lotus/newlib/targ-include -isystem /home/neggie/osdev/cross/newlib-2.2.0-1/newlib/libc/include -B/home/neggie/osdev/cross/build-newlib/i386-lotus/libgloss/i386 -L/home/neggie/osdev/cross/build-newlib/i386-lotus/libgloss/libnosys -L/home/neggie/osdev/cross/newlib-2.2.0-1/libgloss/i386   '
CCASFLAGS=''
CCDEPMODE='depmode=gcc3'
CYGPATH_W='echo'
DEFS='-DPACKAGE_NAME=\"libgloss\" -DPACKAGE_TARNAME=\"libgloss\" -DPACKAGE_VERSION=\"LIBGLOSS_VERSION\" -DPACKAGE_STRING=\"libgloss\ LIBGLOSS_VERSION\" -DPACKAGE_BUGREPORT=\"\" -DPACKAGE_URL=\"\"'
DEPDIR='.deps'
ECHO_C=''
ECHO_N='-n'
ECHO_T=''
INSTALL_DATA='/usr/bin/install -c -m 644'
INSTALL_PROGRAM='/usr/bin/install -c'
INSTALL_SCRIPT='/usr/bin/install -c'
INSTALL_STRIP_PROGRAM='${SHELL} $(install_sh) -c -s'
LD='i386-lotus-ld'
LIBOBJS=''
LIBS=''
LTLIBOBJS=''
MAKEINFO='makeinfo --split-size=5000000'
PACKAGE='libgloss'
PACKAGE_BUGREPORT=''
PACKAGE_NAME='libgloss'
PACKAGE_STRING='libgloss LIBGLOSS_VERSION'
PACKAGE_TARNAME='libgloss'
PACKAGE_URL=''
PACKAGE_VERSION='LIBGLOSS_VERSION'
PATH_SEPARATOR=':'
RANLIB='i386-lotus-ranlib'
SET_MAKE=''
SHELL='/bin/bash'
STRIP='i386-lotus-strip'
VERSION='LIBGLOSS_VERSION'
am__fastdepCC_FALSE='#'
am__fastdepCC_TRUE=''
am__include='include'
am__leading_dot='.'
am__quote=''
am__tar='${AMTAR} chof - "$$tardir"'
am__untar='${AMTAR} xf -'
bindir='${exec_prefix}/bin'
build='x86_64-unknown-linux-gnu'
build_alias='x86_64-unknown-linux-gnu'
build_cpu='x86_64'
build_os='linux-gnu'
build_vendor='unknown'
datadir='${datarootdir}'
datarootdir='${prefix}/share'
docdir='${datarootdir}/doc/${PACKAGE_TARNAME}'
dvidir='${docdir}'
exec_prefix='${prefix}'
host='i386-pc-lotus'
host_alias='i386-lotus'
host_cpu='i386'
host_makefile_frag_path='../../../newlib-2.2.0-1/libgloss/config/default.mh'
host_os='lotus'
host_vendor='pc'
htmldir='${docdir}'
includedir='${prefix}/include'
infodir='${datarootdir}/info'
install_sh='/home/neggie/osdev/cross/newlib-2.2.0-1/install-sh'
libdir='${exec_prefix}/lib'
libexecdir='${exec_prefix}/libexec'
localedir='${datarootdir}/locale'
localstatedir='${prefix}/var'
mandir='${datarootdir}/man'
mkdir_p='mkdir -p --'
oldincludedir='/usr/include'
pdfdir='${docdir}'
prefix='/usr'
program_transform_name='s&^&i386-lotus-&'
psdir='${docdir}'
sbindir='${exec_prefix}/sbin'
sharedstatedir='${prefix}/com'
subdirs=' doc libnosys'
sysconfdir='${prefix}/etc'
target='i386-pc-lotus'
target_alias='i386-lotus'
target_cpu='i386'
target_os='lotus'
target_vendor='pc'

## ------------------- ##
## File substitutions. ##
## ------------------- ##

host_makefile_frag='../../../newlib-2.2.0-1/libgloss/config/default.mh'

## ----------- ##
## confdefs.h. ##
## ----------- ##

/* confdefs.h */
#define PACKAGE_NAME "libgloss"
#define PACKAGE_TARNAME "libgloss"
#define PACKAGE_VERSION "LIBGLOSS_VERSION"
#define PACKAGE_STRING "libgloss LIBGLOSS_VERSION"
#define PACKAGE_BUGREPORT ""
#define PACKAGE_URL ""

configure: exit 0
